<?xml version="1.0" encoding="utf-8"?><testsuites><testsuite name="pytest" errors="0" failures="0" skipped="0" tests="2" time="0.365" timestamp="2021-12-05T16:53:46.956541" hostname="358d63c9f166"><testcase classname="tests.test_default" name="test_get_datetime" time="0.016" /><testcase classname="tests.test_default.TestDefault" name="test_get_datetime" time="0.001" /></testsuite></testsuites>