<?xml version="1.0" encoding="utf-8"?><testsuites><testsuite name="pytest" errors="0" failures="0" skipped="0" tests="2" time="0.075" timestamp="2021-12-07T06:16:05.934910" hostname="DESKTOP-GBPBJP5"><testcase classname="tests.test_default.TestDefault" name="test_get_datetime" time="0.003" /><testcase classname="tests.test_default" name="test_get_datetime" time="0.004" /></testsuite></testsuites>